<?xml version="1.0" encoding="UTF-8"?>
<!-- Generated by org.testng.reporters.JUnitXMLReporter -->
<testsuite ignored="0" hostname="DhivyaGokul" failures="0" tests="3" name="Test" time="36.735" errors="0" timestamp="2023-04-11T14:01:11 EDT">
  <testcase classname="org.demo.OrangeHRM.HRMTest" name="loginTest" time="1.532"/>
  <testcase classname="org.demo.OrangeHRM.HRMTest" name="userManagementTest" time="11.559"/>
  <testcase classname="org.demo.OrangeHRM.HRMTest" name="leaveListTest" time="11.484"/>
</testsuite> <!-- Test -->
