<?xml version="1.0" encoding="UTF-8"?>
<testng-results ignored="0" total="3" passed="3" failed="0" skipped="0">
  <reporter-output>
  </reporter-output>
  <suite started-at="2023-04-11T14:00:35 EDT" name="Suite" finished-at="2023-04-11T14:01:11 EDT" duration-ms="36735">
    <groups>
    </groups>
    <test started-at="2023-04-11T14:00:35 EDT" name="Test" finished-at="2023-04-11T14:01:11 EDT" duration-ms="36735">
      <class name="org.demo.OrangeHRM.HRMTest">
        <test-method is-config="true" signature="setUp(java.lang.String)[pri:0, instance:org.demo.OrangeHRM.HRMTest@ec2cc4]" started-at="2023-04-11T14:00:35 EDT" name="setUp" finished-at="2023-04-11T14:00:41 EDT" duration-ms="6628" status="PASS">
          <params>
            <param index="0">
              <value>
                <![CDATA[chrome]]>
              </value>
            </param>
          </params>
          <reporter-output>
          </reporter-output>
        </test-method> <!-- setUp -->
        <test-method signature="loginTest()[pri:0, instance:org.demo.OrangeHRM.HRMTest@ec2cc4]" started-at="2023-04-11T14:00:41 EDT" name="loginTest" finished-at="2023-04-11T14:00:43 EDT" duration-ms="1532" status="PASS">
          <reporter-output>
          </reporter-output>
        </test-method> <!-- loginTest -->
        <test-method signature="userManagementTest()[pri:1, instance:org.demo.OrangeHRM.HRMTest@ec2cc4]" started-at="2023-04-11T14:00:43 EDT" name="userManagementTest" finished-at="2023-04-11T14:00:54 EDT" duration-ms="11559" status="PASS">
          <reporter-output>
          </reporter-output>
        </test-method> <!-- userManagementTest -->
        <test-method signature="leaveListTest()[pri:2, instance:org.demo.OrangeHRM.HRMTest@ec2cc4]" started-at="2023-04-11T14:00:54 EDT" name="leaveListTest" finished-at="2023-04-11T14:01:06 EDT" duration-ms="11484" status="PASS">
          <reporter-output>
          </reporter-output>
        </test-method> <!-- leaveListTest -->
        <test-method is-config="true" signature="tearDown()[pri:0, instance:org.demo.OrangeHRM.HRMTest@ec2cc4]" started-at="2023-04-11T14:01:06 EDT" name="tearDown" finished-at="2023-04-11T14:01:11 EDT" duration-ms="5496" status="PASS">
          <reporter-output>
          </reporter-output>
        </test-method> <!-- tearDown -->
      </class> <!-- org.demo.OrangeHRM.HRMTest -->
    </test> <!-- Test -->
  </suite> <!-- Suite -->
</testng-results>
