<?xml version="1.0" encoding="UTF-8"?>
<testng-results ignored="0" total="2" passed="2" failed="0" skipped="0">
  <reporter-output>
  </reporter-output>
  <suite started-at="2023-03-31T16:48:23 EDT" name="Default suite" finished-at="2023-03-31T16:48:50 EDT" duration-ms="27321">
    <groups>
    </groups>
    <test started-at="2023-03-31T16:48:23 EDT" name="Default test" finished-at="2023-03-31T16:48:50 EDT" duration-ms="27321">
      <class name="org.demo.OrangeHRM.HRMTest">
        <test-method is-config="true" signature="setUpReporting()[pri:0, instance:org.demo.OrangeHRM.HRMTest@1c3b9394]" started-at="2023-03-31T16:48:23 EDT" name="setUpReporting" finished-at="2023-03-31T16:48:30 EDT" duration-ms="7202" status="PASS">
          <reporter-output>
          </reporter-output>
        </test-method> <!-- setUpReporting -->
        <test-method signature="loginTest()[pri:0, instance:org.demo.OrangeHRM.HRMTest@1c3b9394]" started-at="2023-03-31T16:48:30 EDT" name="loginTest" finished-at="2023-03-31T16:48:32 EDT" duration-ms="1994" status="PASS">
          <reporter-output>
          </reporter-output>
        </test-method> <!-- loginTest -->
        <test-method signature="userManagementTest()[pri:1, instance:org.demo.OrangeHRM.HRMTest@1c3b9394]" started-at="2023-03-31T16:48:32 EDT" name="userManagementTest" finished-at="2023-03-31T16:48:44 EDT" duration-ms="12068" status="PASS">
          <reporter-output>
          </reporter-output>
        </test-method> <!-- userManagementTest -->
        <test-method is-config="true" signature="tearDown()[pri:0, instance:org.demo.OrangeHRM.HRMTest@1c3b9394]" started-at="2023-03-31T16:48:44 EDT" name="tearDown" finished-at="2023-03-31T16:48:50 EDT" duration-ms="6017" status="PASS">
          <reporter-output>
          </reporter-output>
        </test-method> <!-- tearDown -->
      </class> <!-- org.demo.OrangeHRM.HRMTest -->
    </test> <!-- Default test -->
  </suite> <!-- Default suite -->
</testng-results>
